DEPRECATION WARNING: Leaving `ActiveRecord::ConnectionAdapters::SQLite3Adapter.represent_boolean_as_integer`
set to false is deprecated. SQLite databases have used 't' and 'f' to serialize
boolean values and must have old data converted to 1 and 0 (its native boolean
serialization) before setting this flag to true. Conversion can be accomplished
by setting up a rake task which runs

  ExampleModel.where("boolean_column = 't'").update_all(boolean_column: 1)
  ExampleModel.where("boolean_column = 'f'").update_all(boolean_column: 0)

for all models and all boolean columns, after which the flag must be set to
true by adding the following to your application.rb file:

  Rails.application.config.active_record.sqlite3.represent_boolean_as_integer = true
 (called from load at /home/rafa/.rvm/gems/ruby-2.5.1/bin/rake:23)
  [1m[35m (0.3ms)[0m  [1m[35mDROP TABLE IF EXISTS "categories"[0m
  [1m[35m (0.3ms)[0m  [1m[34mSELECT sqlite_version(*)[0m
  [1m[35m (198.3ms)[0m  [1m[35mCREATE TABLE "categories" ("id" integer PRIMARY KEY AUTOINCREMENT NOT NULL, "name" varchar, "created_at" datetime, "updated_at" datetime)[0m
  [1m[35m (0.3ms)[0m  [1m[35mDROP TABLE IF EXISTS "jobs"[0m
  [1m[35m (109.4ms)[0m  [1m[35mCREATE TABLE "jobs" ("id" integer PRIMARY KEY AUTOINCREMENT NOT NULL, "title" varchar, "description" text, "company" varchar, "url" varchar, "created_at" datetime, "updated_at" datetime, "category_id" integer)[0m
  [1m[35m (98.6ms)[0m  [1m[35mCREATE TABLE "schema_migrations" ("version" varchar NOT NULL PRIMARY KEY)[0m
  [1m[35m (0.5ms)[0m  [1m[34mSELECT "schema_migrations"."version" FROM "schema_migrations" ORDER BY "schema_migrations"."version" ASC[0m
  [1m[35m (95.3ms)[0m  [1m[32mINSERT INTO "schema_migrations" (version) VALUES (20141018175921)[0m
  [1m[35m (76.9ms)[0m  [1m[32mINSERT INTO "schema_migrations" (version) VALUES
(20141018175756),
(20141018172657);

[0m
  [1m[35m (106.8ms)[0m  [1m[35mCREATE TABLE "ar_internal_metadata" ("key" varchar NOT NULL PRIMARY KEY, "value" varchar, "created_at" datetime NOT NULL, "updated_at" datetime NOT NULL)[0m
  [1m[36mActiveRecord::InternalMetadata Load (0.6ms)[0m  [1m[34mSELECT  "ar_internal_metadata".* FROM "ar_internal_metadata" WHERE "ar_internal_metadata"."key" = ? LIMIT ?[0m  [["key", "environment"], ["LIMIT", 1]]
  [1m[35m (0.2ms)[0m  [1m[36mbegin transaction[0m
  [1m[36mActiveRecord::InternalMetadata Create (0.8ms)[0m  [1m[32mINSERT INTO "ar_internal_metadata" ("key", "value", "created_at", "updated_at") VALUES (?, ?, ?, ?)[0m  [["key", "environment"], ["value", "development"], ["created_at", "2018-10-30 10:37:39.000780"], ["updated_at", "2018-10-30 10:37:39.000780"]]
  [1m[35m (88.6ms)[0m  [1m[36mcommit transaction[0m
  [1m[36mActiveRecord::InternalMetadata Load (0.8ms)[0m  [1m[34mSELECT  "ar_internal_metadata".* FROM "ar_internal_metadata" WHERE "ar_internal_metadata"."key" = ? LIMIT ?[0m  [["key", "environment"], ["LIMIT", 1]]
  [1m[35m (0.2ms)[0m  [1m[36mbegin transaction[0m
  [1m[35m (0.2ms)[0m  [1m[36mcommit transaction[0m
  [1m[35m (0.3ms)[0m  [1m[35mDROP TABLE IF EXISTS "categories"[0m
  [1m[35m (0.3ms)[0m  [1m[34mSELECT sqlite_version(*)[0m
  [1m[35m (100.6ms)[0m  [1m[35mCREATE TABLE "categories" ("id" integer PRIMARY KEY AUTOINCREMENT NOT NULL, "name" varchar, "created_at" datetime, "updated_at" datetime)[0m
  [1m[35m (0.8ms)[0m  [1m[35mDROP TABLE IF EXISTS "jobs"[0m
  [1m[35m (126.6ms)[0m  [1m[35mCREATE TABLE "jobs" ("id" integer PRIMARY KEY AUTOINCREMENT NOT NULL, "title" varchar, "description" text, "company" varchar, "url" varchar, "created_at" datetime, "updated_at" datetime, "category_id" integer)[0m
  [1m[35m (107.0ms)[0m  [1m[35mCREATE TABLE "schema_migrations" ("version" varchar NOT NULL PRIMARY KEY)[0m
  [1m[35m (1.0ms)[0m  [1m[34mSELECT "schema_migrations"."version" FROM "schema_migrations" ORDER BY "schema_migrations"."version" ASC[0m
  [1m[35m (72.2ms)[0m  [1m[32mINSERT INTO "schema_migrations" (version) VALUES (20141018175921)[0m
  [1m[35m (54.9ms)[0m  [1m[32mINSERT INTO "schema_migrations" (version) VALUES
(20141018175756),
(20141018172657);

[0m
  [1m[35m (98.3ms)[0m  [1m[35mCREATE TABLE "ar_internal_metadata" ("key" varchar NOT NULL PRIMARY KEY, "value" varchar, "created_at" datetime NOT NULL, "updated_at" datetime NOT NULL)[0m
  [1m[36mActiveRecord::InternalMetadata Load (0.6ms)[0m  [1m[34mSELECT  "ar_internal_metadata".* FROM "ar_internal_metadata" WHERE "ar_internal_metadata"."key" = ? LIMIT ?[0m  [["key", "environment"], ["LIMIT", 1]]
  [1m[35m (0.3ms)[0m  [1m[36mbegin transaction[0m
  [1m[36mActiveRecord::InternalMetadata Create (0.9ms)[0m  [1m[32mINSERT INTO "ar_internal_metadata" ("key", "value", "created_at", "updated_at") VALUES (?, ?, ?, ?)[0m  [["key", "environment"], ["value", "development"], ["created_at", "2018-10-30 10:37:39.703407"], ["updated_at", "2018-10-30 10:37:39.703407"]]
  [1m[35m (56.2ms)[0m  [1m[36mcommit transaction[0m
  [1m[36mActiveRecord::InternalMetadata Load (0.3ms)[0m  [1m[34mSELECT  "ar_internal_metadata".* FROM "ar_internal_metadata" WHERE "ar_internal_metadata"."key" = ? LIMIT ?[0m  [["key", "environment"], ["LIMIT", 1]]
  [1m[35m (0.2ms)[0m  [1m[36mbegin transaction[0m
  [1m[36mActiveRecord::InternalMetadata Update (0.7ms)[0m  [1m[33mUPDATE "ar_internal_metadata" SET "value" = ?, "updated_at" = ? WHERE "ar_internal_metadata"."key" = ?[0m  [["value", "test"], ["updated_at", "2018-10-30 10:37:39.767780"], ["key", "environment"]]
  [1m[35m (81.2ms)[0m  [1m[36mcommit transaction[0m
  [1m[35m (0.5ms)[0m  [1m[34mSELECT "schema_migrations"."version" FROM "schema_migrations" ORDER BY "schema_migrations"."version" ASC[0m
DEPRECATION WARNING: Leaving `ActiveRecord::ConnectionAdapters::SQLite3Adapter.represent_boolean_as_integer`
set to false is deprecated. SQLite databases have used 't' and 'f' to serialize
boolean values and must have old data converted to 1 and 0 (its native boolean
serialization) before setting this flag to true. Conversion can be accomplished
by setting up a rake task which runs

  ExampleModel.where("boolean_column = 't'").update_all(boolean_column: 1)
  ExampleModel.where("boolean_column = 'f'").update_all(boolean_column: 0)

for all models and all boolean columns, after which the flag must be set to
true by adding the following to your application.rb file:

  Rails.application.config.active_record.sqlite3.represent_boolean_as_integer = true
 (called from load at /home/rafa/.rvm/gems/ruby-2.5.1/bin/rake:23)
  [1m[35m (0.6ms)[0m  [1m[34mSELECT "schema_migrations"."version" FROM "schema_migrations" ORDER BY "schema_migrations"."version" ASC[0m
  [1m[36mActiveRecord::InternalMetadata Load (0.8ms)[0m  [1m[34mSELECT  "ar_internal_metadata".* FROM "ar_internal_metadata" WHERE "ar_internal_metadata"."key" = ? LIMIT ?[0m  [["key", "environment"], ["LIMIT", 1]]
  [1m[35m (0.2ms)[0m  [1m[36mbegin transaction[0m
  [1m[35m (0.2ms)[0m  [1m[36mcommit transaction[0m
  [1m[35m (0.3ms)[0m  [1m[34mSELECT "schema_migrations"."version" FROM "schema_migrations" ORDER BY "schema_migrations"."version" ASC[0m
Started GET "/" for ::1 at 2018-10-30 03:38:20 -0700
DEPRECATION WARNING: Leaving `ActiveRecord::ConnectionAdapters::SQLite3Adapter.represent_boolean_as_integer`
set to false is deprecated. SQLite databases have used 't' and 'f' to serialize
boolean values and must have old data converted to 1 and 0 (its native boolean
serialization) before setting this flag to true. Conversion can be accomplished
by setting up a rake task which runs

  ExampleModel.where("boolean_column = 't'").update_all(boolean_column: 1)
  ExampleModel.where("boolean_column = 'f'").update_all(boolean_column: 0)

for all models and all boolean columns, after which the flag must be set to
true by adding the following to your application.rb file:

  Rails.application.config.active_record.sqlite3.represent_boolean_as_integer = true
 (called from instance_eval at /home/rafa/.rvm/gems/ruby-2.5.1/gems/activesupport-5.2.1/lib/active_support/lazy_load_hooks.rb:71)
  [1m[35m (0.8ms)[0m  [1m[34mSELECT "schema_migrations"."version" FROM "schema_migrations" ORDER BY "schema_migrations"."version" ASC[0m
Processing by JobsController#index as HTML
  Rendering jobs/index.html.haml within layouts/application
  [1m[36mJob Load (0.6ms)[0m  [1m[34mSELECT "jobs".* FROM "jobs" ORDER BY created_at DESC[0m
  Rendered jobs/index.html.haml within layouts/application (28.4ms)
  [1m[36mCategory Load (0.5ms)[0m  [1m[34mSELECT "categories".* FROM "categories"[0m
Completed 200 OK in 15673ms (Views: 15635.6ms | ActiveRecord: 2.9ms)


Started GET "/assets/jobs.self-e3b0c44298fc1c149afbf4c8996fb92427ae41e4649b934ca495991b7852b855.css?body=1" for ::1 at 2018-10-30 03:38:37 -0700
Started GET "/assets/application.self-6f9715c52be853a13bad7a3e9c01606be663cdebda11c71ce2fa8fdf59f9e243.css?body=1" for ::1 at 2018-10-30 03:38:37 -0700
Started GET "/assets/jobs.self-877aef30ae1b040ab8a3aba4e3e309a11d7f2612f44dde450b5c157aa5f95c05.js?body=1" for ::1 at 2018-10-30 03:38:37 -0700
Started GET "/jobs/new" for ::1 at 2018-10-30 03:38:42 -0700
Processing by JobsController#new as HTML
  Rendering jobs/new.html.haml within layouts/application
  [1m[36mCategory Load (0.7ms)[0m  [1m[34mSELECT "categories".* FROM "categories"[0m
  Rendered jobs/_form.html.haml (174.5ms)
  Rendered jobs/new.html.haml within layouts/application (182.3ms)
  [1m[36mCACHE Category Load (0.1ms)[0m  [1m[34mSELECT "categories".* FROM "categories"[0m
Completed 200 OK in 373ms (Views: 334.7ms | ActiveRecord: 2.1ms)


Started POST "/jobs" for ::1 at 2018-10-30 03:38:59 -0700
Processing by JobsController#create as HTML
  Parameters: {"utf8"=>"✓", "authenticity_token"=>"ENYPnHNSDYN667juWc4uR7nvq7DvDp7BPXQ8gSFIzjXux4Ol3zlhH1ZbWg+qzKjxUoiwARBcJ3aOSXAKQjFyIA==", "job"=>{"title"=>"", "description"=>"", "company"=>"", "url"=>""}, "commit"=>"Create Job"}
  [1m[35m (0.2ms)[0m  [1m[36mbegin transaction[0m
  [1m[36mJob Create (0.9ms)[0m  [1m[32mINSERT INTO "jobs" ("title", "description", "company", "url", "created_at", "updated_at") VALUES (?, ?, ?, ?, ?, ?)[0m  [["title", ""], ["description", ""], ["company", ""], ["url", ""], ["created_at", "2018-10-30 10:38:59.666415"], ["updated_at", "2018-10-30 10:38:59.666415"]]
  [1m[35m (1249.6ms)[0m  [1m[36mcommit transaction[0m
Redirected to http://localhost:3000/jobs/1
Completed 302 Found in 1262ms (ActiveRecord: 1250.7ms)


Started GET "/jobs/1" for ::1 at 2018-10-30 03:39:00 -0700
Processing by JobsController#show as HTML
  Parameters: {"id"=>"1"}
  [1m[36mJob Load (0.6ms)[0m  [1m[34mSELECT  "jobs".* FROM "jobs" WHERE "jobs"."id" = ? LIMIT ?[0m  [["id", 1], ["LIMIT", 1]]
  Rendering jobs/show.html.haml within layouts/application
  Rendered jobs/show.html.haml within layouts/application (12.6ms)
  [1m[36mCategory Load (0.5ms)[0m  [1m[34mSELECT "categories".* FROM "categories"[0m
Completed 200 OK in 182ms (Views: 167.2ms | ActiveRecord: 1.2ms)


Started GET "/" for ::1 at 2018-10-30 03:39:10 -0700
Processing by JobsController#index as HTML
  Rendering jobs/index.html.haml within layouts/application
  [1m[36mJob Load (3.6ms)[0m  [1m[34mSELECT "jobs".* FROM "jobs" ORDER BY created_at DESC[0m
  Rendered jobs/index.html.haml within layouts/application (12.8ms)
  [1m[36mCategory Load (0.4ms)[0m  [1m[34mSELECT "categories".* FROM "categories"[0m
Completed 200 OK in 215ms (Views: 206.2ms | ActiveRecord: 4.0ms)


Started GET "/jobs/new" for ::1 at 2018-10-30 03:39:50 -0700
Processing by JobsController#new as HTML
  Rendering jobs/new.html.haml within layouts/application
  [1m[36mCategory Load (0.5ms)[0m  [1m[34mSELECT "categories".* FROM "categories"[0m
  Rendered jobs/_form.html.haml (39.6ms)
  Rendered jobs/new.html.haml within layouts/application (46.7ms)
  [1m[36mCACHE Category Load (0.1ms)[0m  [1m[34mSELECT "categories".* FROM "categories"[0m
Completed 200 OK in 207ms (Views: 201.7ms | ActiveRecord: 0.5ms)


Started GET "/" for ::1 at 2018-10-30 03:39:55 -0700
Processing by JobsController#index as HTML
  Rendering jobs/index.html.haml within layouts/application
  [1m[36mJob Load (0.6ms)[0m  [1m[34mSELECT "jobs".* FROM "jobs" ORDER BY created_at DESC[0m
  Rendered jobs/index.html.haml within layouts/application (13.1ms)
  [1m[36mCategory Load (0.5ms)[0m  [1m[34mSELECT "categories".* FROM "categories"[0m
Completed 200 OK in 189ms (Views: 184.0ms | ActiveRecord: 1.1ms)


Started GET "/jobs/new" for ::1 at 2018-10-30 03:39:58 -0700
Processing by JobsController#new as HTML
  Rendering jobs/new.html.haml within layouts/application
  [1m[36mCategory Load (0.6ms)[0m  [1m[34mSELECT "categories".* FROM "categories"[0m
  Rendered jobs/_form.html.haml (43.1ms)
  Rendered jobs/new.html.haml within layouts/application (53.2ms)
  [1m[36mCACHE Category Load (0.1ms)[0m  [1m[34mSELECT "categories".* FROM "categories"[0m
Completed 200 OK in 261ms (Views: 256.1ms | ActiveRecord: 0.6ms)


DEPRECATION WARNING: Leaving `ActiveRecord::ConnectionAdapters::SQLite3Adapter.represent_boolean_as_integer`
set to false is deprecated. SQLite databases have used 't' and 'f' to serialize
boolean values and must have old data converted to 1 and 0 (its native boolean
serialization) before setting this flag to true. Conversion can be accomplished
by setting up a rake task which runs

  ExampleModel.where("boolean_column = 't'").update_all(boolean_column: 1)
  ExampleModel.where("boolean_column = 'f'").update_all(boolean_column: 0)

for all models and all boolean columns, after which the flag must be set to
true by adding the following to your application.rb file:

  Rails.application.config.active_record.sqlite3.represent_boolean_as_integer = true
 (called from require at /home/rafa/.rvm/rubies/ruby-2.5.1/lib/ruby/site_ruby/2.5.0/rubygems/core_ext/kernel_require.rb:59)
  [1m[35m (0.3ms)[0m  [1m[36mbegin transaction[0m
  [1m[36mCategory Create (5.5ms)[0m  [1m[32mINSERT INTO "categories" ("name", "created_at", "updated_at") VALUES (?, ?, ?)[0m  [["name", "Full time"], ["created_at", "2018-10-30 10:53:18.437415"], ["updated_at", "2018-10-30 10:53:18.437415"]]
  [1m[35m (89.6ms)[0m  [1m[36mcommit transaction[0m
  [1m[35m (0.2ms)[0m  [1m[36mbegin transaction[0m
  [1m[36mCategory Create (2.9ms)[0m  [1m[32mINSERT INTO "categories" ("name", "created_at", "updated_at") VALUES (?, ?, ?)[0m  [["name", "Part time"], ["created_at", "2018-10-30 10:54:19.964497"], ["updated_at", "2018-10-30 10:54:19.964497"]]
  [1m[35m (81.9ms)[0m  [1m[36mcommit transaction[0m
  [1m[35m (0.3ms)[0m  [1m[36mbegin transaction[0m
  [1m[36mCategory Create (7.7ms)[0m  [1m[32mINSERT INTO "categories" ("name", "created_at", "updated_at") VALUES (?, ?, ?)[0m  [["name", "freelance"], ["created_at", "2018-10-30 10:54:54.103960"], ["updated_at", "2018-10-30 10:54:54.103960"]]
  [1m[35m (96.1ms)[0m  [1m[36mcommit transaction[0m
  [1m[35m (0.2ms)[0m  [1m[36mbegin transaction[0m
  [1m[36mCategory Create (0.8ms)[0m  [1m[32mINSERT INTO "categories" ("name", "created_at", "updated_at") VALUES (?, ?, ?)[0m  [["name", "Consulting"], ["created_at", "2018-10-30 10:55:18.536637"], ["updated_at", "2018-10-30 10:55:18.536637"]]
  [1m[35m (112.0ms)[0m  [1m[36mcommit transaction[0m
  [1m[36mCategory Load (0.7ms)[0m  [1m[34mSELECT  "categories".* FROM "categories" LIMIT ?[0m  [["LIMIT", 11]]
  [1m[35m (0.5ms)[0m  [1m[34mSELECT COUNT(*) FROM "categories"[0m
Started GET "/jobs/new" for ::1 at 2018-10-30 03:57:39 -0700
DEPRECATION WARNING: Leaving `ActiveRecord::ConnectionAdapters::SQLite3Adapter.represent_boolean_as_integer`
set to false is deprecated. SQLite databases have used 't' and 'f' to serialize
boolean values and must have old data converted to 1 and 0 (its native boolean
serialization) before setting this flag to true. Conversion can be accomplished
by setting up a rake task which runs

  ExampleModel.where("boolean_column = 't'").update_all(boolean_column: 1)
  ExampleModel.where("boolean_column = 'f'").update_all(boolean_column: 0)

for all models and all boolean columns, after which the flag must be set to
true by adding the following to your application.rb file:

  Rails.application.config.active_record.sqlite3.represent_boolean_as_integer = true
 (called from instance_eval at /home/rafa/.rvm/gems/ruby-2.5.1/gems/activesupport-5.2.1/lib/active_support/lazy_load_hooks.rb:71)
  [1m[35m (0.6ms)[0m  [1m[34mSELECT "schema_migrations"."version" FROM "schema_migrations" ORDER BY "schema_migrations"."version" ASC[0m
Processing by JobsController#new as HTML
  Rendering jobs/new.html.haml within layouts/application
  [1m[36mCategory Load (0.6ms)[0m  [1m[34mSELECT "categories".* FROM "categories"[0m
  Rendered jobs/_form.html.haml (225.6ms)
  Rendered jobs/new.html.haml within layouts/application (249.4ms)
  [1m[36mCategory Load (0.4ms)[0m  [1m[34mSELECT "categories".* FROM "categories"[0m
Completed 200 OK in 1298ms (Views: 1230.2ms | ActiveRecord: 5.3ms)


Started POST "/jobs" for ::1 at 2018-10-30 03:57:59 -0700
Processing by JobsController#create as HTML
  Parameters: {"utf8"=>"✓", "authenticity_token"=>"jlSfQoNV8bjB9U4hdlH+cNLBMJTxSyFqfJRCmDrCMCFwRRN7Lz6dJO1FrMCFU3jGOaYrJQ4ZmN3PqQ4TWbuMNA==", "job"=>{"category_id"=>"3", "title"=>"e3fecf", "description"=>"cdecde", "company"=>"dcfd", "url"=>"dcdcd"}, "commit"=>"Create Job"}
  [1m[35m (0.2ms)[0m  [1m[36mbegin transaction[0m
  [1m[36mJob Create (7.1ms)[0m  [1m[32mINSERT INTO "jobs" ("title", "description", "company", "url", "created_at", "updated_at", "category_id") VALUES (?, ?, ?, ?, ?, ?, ?)[0m  [["title", "e3fecf"], ["description", "cdecde"], ["company", "dcfd"], ["url", "dcdcd"], ["created_at", "2018-10-30 10:57:59.639890"], ["updated_at", "2018-10-30 10:57:59.639890"], ["category_id", 3]]
  [1m[35m (190.1ms)[0m  [1m[36mcommit transaction[0m
Redirected to http://localhost:3000/jobs/2
Completed 302 Found in 218ms (ActiveRecord: 197.4ms)


Started GET "/jobs/2" for ::1 at 2018-10-30 03:57:59 -0700
Processing by JobsController#show as HTML
  Parameters: {"id"=>"2"}
  [1m[36mJob Load (0.6ms)[0m  [1m[34mSELECT  "jobs".* FROM "jobs" WHERE "jobs"."id" = ? LIMIT ?[0m  [["id", 2], ["LIMIT", 1]]
  Rendering jobs/show.html.haml within layouts/application
  Rendered jobs/show.html.haml within layouts/application (12.4ms)
  [1m[36mCategory Load (0.7ms)[0m  [1m[34mSELECT "categories".* FROM "categories"[0m
Completed 200 OK in 256ms (Views: 238.0ms | ActiveRecord: 1.3ms)


Started GET "/jobs/dcdcd" for ::1 at 2018-10-30 03:58:05 -0700
Processing by JobsController#show as HTML
  Parameters: {"id"=>"dcdcd"}
  [1m[36mJob Load (0.3ms)[0m  [1m[34mSELECT  "jobs".* FROM "jobs" WHERE "jobs"."id" = ? LIMIT ?[0m  [["id", 0], ["LIMIT", 1]]
Completed 404 Not Found in 12ms (ActiveRecord: 0.3ms)


  
ActiveRecord::RecordNotFound (Couldn't find Job with 'id'=dcdcd):
  
app/controllers/jobs_controller.rb:53:in `find_job'
Started GET "/jobs/dcdcd" for ::1 at 2018-10-30 03:58:46 -0700
Processing by JobsController#show as HTML
  Parameters: {"id"=>"dcdcd"}
  [1m[36mJob Load (0.7ms)[0m  [1m[34mSELECT  "jobs".* FROM "jobs" WHERE "jobs"."id" = ? LIMIT ?[0m  [["id", 0], ["LIMIT", 1]]
Completed 404 Not Found in 7ms (ActiveRecord: 0.7ms)


  
ActiveRecord::RecordNotFound (Couldn't find Job with 'id'=dcdcd):
  
app/controllers/jobs_controller.rb:53:in `find_job'
Started GET "/jobs/2" for ::1 at 2018-10-30 03:58:48 -0700
Processing by JobsController#show as HTML
  Parameters: {"id"=>"2"}
  [1m[36mJob Load (0.4ms)[0m  [1m[34mSELECT  "jobs".* FROM "jobs" WHERE "jobs"."id" = ? LIMIT ?[0m  [["id", 2], ["LIMIT", 1]]
  Rendering jobs/show.html.haml within layouts/application
  Rendered jobs/show.html.haml within layouts/application (16.3ms)
  [1m[36mCategory Load (0.6ms)[0m  [1m[34mSELECT "categories".* FROM "categories"[0m
Completed 200 OK in 230ms (Views: 219.8ms | ActiveRecord: 1.0ms)


Started GET "/jobs/2/edit" for ::1 at 2018-10-30 03:58:52 -0700
Processing by JobsController#edit as HTML
  Parameters: {"id"=>"2"}
  [1m[36mJob Load (0.4ms)[0m  [1m[34mSELECT  "jobs".* FROM "jobs" WHERE "jobs"."id" = ? LIMIT ?[0m  [["id", 2], ["LIMIT", 1]]
  Rendering jobs/edit.html.haml within layouts/application
  [1m[36mCategory Load (0.5ms)[0m  [1m[34mSELECT "categories".* FROM "categories"[0m
  Rendered jobs/_form.html.haml (39.3ms)
  Rendered jobs/edit.html.haml within layouts/application (53.4ms)
  [1m[36mCACHE Category Load (0.1ms)[0m  [1m[34mSELECT "categories".* FROM "categories"[0m
Completed 200 OK in 239ms (Views: 228.8ms | ActiveRecord: 1.0ms)


Started GET "/jobs/2" for ::1 at 2018-10-30 03:58:55 -0700
Processing by JobsController#show as HTML
  Parameters: {"id"=>"2"}
  [1m[36mJob Load (0.4ms)[0m  [1m[34mSELECT  "jobs".* FROM "jobs" WHERE "jobs"."id" = ? LIMIT ?[0m  [["id", 2], ["LIMIT", 1]]
  Rendering jobs/show.html.haml within layouts/application
  Rendered jobs/show.html.haml within layouts/application (14.6ms)
  [1m[36mCategory Load (5.2ms)[0m  [1m[34mSELECT "categories".* FROM "categories"[0m
Completed 200 OK in 352ms (Views: 332.1ms | ActiveRecord: 5.6ms)


Started GET "/jobs/2" for ::1 at 2018-10-30 03:58:55 -0700
Processing by JobsController#show as HTML
  Parameters: {"id"=>"2"}
  [1m[36mJob Load (0.4ms)[0m  [1m[34mSELECT  "jobs".* FROM "jobs" WHERE "jobs"."id" = ? LIMIT ?[0m  [["id", 2], ["LIMIT", 1]]
  Rendering jobs/show.html.haml within layouts/application
  Rendered jobs/show.html.haml within layouts/application (29.9ms)
  [1m[36mCategory Load (0.6ms)[0m  [1m[34mSELECT "categories".* FROM "categories"[0m
Completed 200 OK in 271ms (Views: 259.7ms | ActiveRecord: 1.0ms)


Started GET "/jobs/2" for ::1 at 2018-10-30 03:58:55 -0700
Processing by JobsController#show as HTML
  Parameters: {"id"=>"2"}
  [1m[36mJob Load (0.4ms)[0m  [1m[34mSELECT  "jobs".* FROM "jobs" WHERE "jobs"."id" = ? LIMIT ?[0m  [["id", 2], ["LIMIT", 1]]
  Rendering jobs/show.html.haml within layouts/application
  Rendered jobs/show.html.haml within layouts/application (15.5ms)
  [1m[36mCategory Load (0.6ms)[0m  [1m[34mSELECT "categories".* FROM "categories"[0m
Completed 200 OK in 248ms (Views: 239.1ms | ActiveRecord: 1.0ms)


Started DELETE "/jobs/2" for ::1 at 2018-10-30 03:59:06 -0700
Processing by JobsController#destroy as HTML
  Parameters: {"authenticity_token"=>"ZMkouwGf+O5YhssbmvKM+9OLDMizXZWaCRYfxkbQ29ua2KSCrfSUcnQ2Kfpp8ApNOOwXeUwPLC26K1NNJalnzg==", "id"=>"2"}
  [1m[36mJob Load (0.4ms)[0m  [1m[34mSELECT  "jobs".* FROM "jobs" WHERE "jobs"."id" = ? LIMIT ?[0m  [["id", 2], ["LIMIT", 1]]
  [1m[35m (0.2ms)[0m  [1m[36mbegin transaction[0m
  [1m[36mJob Destroy (0.8ms)[0m  [1m[31mDELETE FROM "jobs" WHERE "jobs"."id" = ?[0m  [["id", 2]]
  [1m[35m (89.4ms)[0m  [1m[36mcommit transaction[0m
Redirected to http://localhost:3000/
Completed 302 Found in 102ms (ActiveRecord: 90.7ms)


Started GET "/" for ::1 at 2018-10-30 03:59:06 -0700
Processing by JobsController#index as HTML
  Rendering jobs/index.html.haml within layouts/application
  [1m[36mJob Load (0.6ms)[0m  [1m[34mSELECT "jobs".* FROM "jobs" ORDER BY created_at DESC[0m
  Rendered jobs/index.html.haml within layouts/application (56.4ms)
  [1m[36mCategory Load (0.7ms)[0m  [1m[34mSELECT "categories".* FROM "categories"[0m
Completed 200 OK in 228ms (Views: 220.7ms | ActiveRecord: 1.3ms)


Started GET "/" for ::1 at 2018-10-30 03:59:18 -0700
Processing by JobsController#index as HTML
  Rendering jobs/index.html.haml within layouts/application
  [1m[36mJob Load (0.6ms)[0m  [1m[34mSELECT "jobs".* FROM "jobs" ORDER BY created_at DESC[0m
  Rendered jobs/index.html.haml within layouts/application (10.2ms)
  [1m[36mCategory Load (0.7ms)[0m  [1m[34mSELECT "categories".* FROM "categories"[0m
Completed 200 OK in 206ms (Views: 197.5ms | ActiveRecord: 1.2ms)


Started GET "/jobs/new" for ::1 at 2018-10-30 03:59:20 -0700
Processing by JobsController#new as HTML
  Rendering jobs/new.html.haml within layouts/application
  [1m[36mCategory Load (2.5ms)[0m  [1m[34mSELECT "categories".* FROM "categories"[0m
  Rendered jobs/_form.html.haml (49.0ms)
  Rendered jobs/new.html.haml within layouts/application (57.0ms)
  [1m[36mCACHE Category Load (0.1ms)[0m  [1m[34mSELECT "categories".* FROM "categories"[0m
Completed 200 OK in 239ms (Views: 231.6ms | ActiveRecord: 2.6ms)


Started POST "/jobs" for ::1 at 2018-10-30 03:59:32 -0700
Processing by JobsController#create as HTML
  Parameters: {"utf8"=>"✓", "authenticity_token"=>"rkLUT10AJ6jKu1xUSYnNuGUuNLmKR2ssVbzUVFX0hlNQU1h28WtLNOYLvrW6i0sOjkkvCHUV0pvmgZjfNo06Rg==", "job"=>{"category_id"=>"3", "title"=>"erfr4", "description"=>"crfcred", "company"=>"wswsws", "url"=>"tgtgtgtgt"}, "commit"=>"Create Job"}
  [1m[35m (0.2ms)[0m  [1m[36mbegin transaction[0m
  [1m[36mJob Create (7.3ms)[0m  [1m[32mINSERT INTO "jobs" ("title", "description", "company", "url", "created_at", "updated_at", "category_id") VALUES (?, ?, ?, ?, ?, ?, ?)[0m  [["title", "erfr4"], ["description", "crfcred"], ["company", "wswsws"], ["url", "tgtgtgtgt"], ["created_at", "2018-10-30 10:59:32.637730"], ["updated_at", "2018-10-30 10:59:32.637730"], ["category_id", 3]]
  [1m[35m (99.3ms)[0m  [1m[36mcommit transaction[0m
Redirected to http://localhost:3000/jobs/3
Completed 302 Found in 125ms (ActiveRecord: 106.8ms)


Started GET "/jobs/3" for ::1 at 2018-10-30 03:59:32 -0700
Processing by JobsController#show as HTML
  Parameters: {"id"=>"3"}
  [1m[36mJob Load (0.6ms)[0m  [1m[34mSELECT  "jobs".* FROM "jobs" WHERE "jobs"."id" = ? LIMIT ?[0m  [["id", 3], ["LIMIT", 1]]
  Rendering jobs/show.html.haml within layouts/application
  Rendered jobs/show.html.haml within layouts/application (11.0ms)
  [1m[36mCategory Load (0.6ms)[0m  [1m[34mSELECT "categories".* FROM "categories"[0m
Completed 200 OK in 210ms (Views: 202.7ms | ActiveRecord: 1.2ms)


Started GET "/jobs?category=Consulting" for ::1 at 2018-10-30 03:59:39 -0700
Processing by JobsController#index as HTML
  Parameters: {"category"=>"Consulting"}
  [1m[36mCategory Load (0.6ms)[0m  [1m[34mSELECT  "categories".* FROM "categories" WHERE "categories"."name" = ? LIMIT ?[0m  [["name", "Consulting"], ["LIMIT", 1]]
  Rendering jobs/index.html.haml within layouts/application
  [1m[36mJob Load (0.7ms)[0m  [1m[34mSELECT "jobs".* FROM "jobs" WHERE "jobs"."category_id" = ? ORDER BY created_at DESC[0m  [["category_id", 4]]
  Rendered jobs/index.html.haml within layouts/application (13.5ms)
  [1m[36mCategory Load (0.7ms)[0m  [1m[34mSELECT "categories".* FROM "categories"[0m
Completed 200 OK in 245ms (Views: 232.6ms | ActiveRecord: 2.0ms)


Started GET "/jobs?category=freelance" for ::1 at 2018-10-30 03:59:40 -0700
Processing by JobsController#index as HTML
  Parameters: {"category"=>"freelance"}
  [1m[36mCategory Load (0.4ms)[0m  [1m[34mSELECT  "categories".* FROM "categories" WHERE "categories"."name" = ? LIMIT ?[0m  [["name", "freelance"], ["LIMIT", 1]]
  Rendering jobs/index.html.haml within layouts/application
  [1m[36mJob Load (0.6ms)[0m  [1m[34mSELECT "jobs".* FROM "jobs" WHERE "jobs"."category_id" = ? ORDER BY created_at DESC[0m  [["category_id", 3]]
  Rendered jobs/index.html.haml within layouts/application (11.9ms)
  [1m[36mCategory Load (4.9ms)[0m  [1m[34mSELECT "categories".* FROM "categories"[0m
Completed 200 OK in 237ms (Views: 219.9ms | ActiveRecord: 5.9ms)


Started GET "/jobs?category=Part+time" for ::1 at 2018-10-30 03:59:41 -0700
Processing by JobsController#index as HTML
  Parameters: {"category"=>"Part time"}
  [1m[36mCategory Load (0.4ms)[0m  [1m[34mSELECT  "categories".* FROM "categories" WHERE "categories"."name" = ? LIMIT ?[0m  [["name", "Part time"], ["LIMIT", 1]]
  Rendering jobs/index.html.haml within layouts/application
  [1m[36mJob Load (0.6ms)[0m  [1m[34mSELECT "jobs".* FROM "jobs" WHERE "jobs"."category_id" = ? ORDER BY created_at DESC[0m  [["category_id", 2]]
  Rendered jobs/index.html.haml within layouts/application (14.7ms)
  [1m[36mCategory Load (0.5ms)[0m  [1m[34mSELECT "categories".* FROM "categories"[0m
Completed 200 OK in 261ms (Views: 253.3ms | ActiveRecord: 1.5ms)


Started GET "/jobs?category=Full+time" for ::1 at 2018-10-30 03:59:43 -0700
Processing by JobsController#index as HTML
  Parameters: {"category"=>"Full time"}
  [1m[36mCategory Load (2.6ms)[0m  [1m[34mSELECT  "categories".* FROM "categories" WHERE "categories"."name" = ? LIMIT ?[0m  [["name", "Full time"], ["LIMIT", 1]]
  Rendering jobs/index.html.haml within layouts/application
  [1m[36mJob Load (0.6ms)[0m  [1m[34mSELECT "jobs".* FROM "jobs" WHERE "jobs"."category_id" = ? ORDER BY created_at DESC[0m  [["category_id", 1]]
  Rendered jobs/index.html.haml within layouts/application (12.2ms)
  [1m[36mCategory Load (0.5ms)[0m  [1m[34mSELECT "categories".* FROM "categories"[0m
Completed 200 OK in 239ms (Views: 225.7ms | ActiveRecord: 3.7ms)


Started GET "/jobs?category=Full+time" for ::1 at 2018-10-30 03:59:45 -0700
Processing by JobsController#index as HTML
  Parameters: {"category"=>"Full time"}
  [1m[36mCategory Load (0.4ms)[0m  [1m[34mSELECT  "categories".* FROM "categories" WHERE "categories"."name" = ? LIMIT ?[0m  [["name", "Full time"], ["LIMIT", 1]]
  Rendering jobs/index.html.haml within layouts/application
  [1m[36mJob Load (0.7ms)[0m  [1m[34mSELECT "jobs".* FROM "jobs" WHERE "jobs"."category_id" = ? ORDER BY created_at DESC[0m  [["category_id", 1]]
  Rendered jobs/index.html.haml within layouts/application (12.3ms)
  [1m[36mCategory Load (0.5ms)[0m  [1m[34mSELECT "categories".* FROM "categories"[0m
Completed 200 OK in 193ms (Views: 179.6ms | ActiveRecord: 1.6ms)


Started GET "/jobs?category=Full+time" for ::1 at 2018-10-30 03:59:46 -0700
Processing by JobsController#index as HTML
  Parameters: {"category"=>"Full time"}
  [1m[36mCategory Load (0.4ms)[0m  [1m[34mSELECT  "categories".* FROM "categories" WHERE "categories"."name" = ? LIMIT ?[0m  [["name", "Full time"], ["LIMIT", 1]]
  Rendering jobs/index.html.haml within layouts/application
  [1m[36mJob Load (0.6ms)[0m  [1m[34mSELECT "jobs".* FROM "jobs" WHERE "jobs"."category_id" = ? ORDER BY created_at DESC[0m  [["category_id", 1]]
  Rendered jobs/index.html.haml within layouts/application (13.5ms)
  [1m[36mCategory Load (0.6ms)[0m  [1m[34mSELECT "categories".* FROM "categories"[0m
Completed 200 OK in 258ms (Views: 245.6ms | ActiveRecord: 1.6ms)


Started GET "/" for ::1 at 2018-10-30 03:59:48 -0700
Processing by JobsController#index as HTML
  Rendering jobs/index.html.haml within layouts/application
  [1m[36mJob Load (1.0ms)[0m  [1m[34mSELECT "jobs".* FROM "jobs" ORDER BY created_at DESC[0m
  Rendered jobs/index.html.haml within layouts/application (38.0ms)
  [1m[36mCategory Load (0.7ms)[0m  [1m[34mSELECT "categories".* FROM "categories"[0m
Completed 200 OK in 221ms (Views: 212.3ms | ActiveRecord: 1.7ms)


Started GET "/jobs?category=Full+time" for ::1 at 2018-10-30 03:59:50 -0700
Processing by JobsController#index as HTML
  Parameters: {"category"=>"Full time"}
  [1m[36mCategory Load (0.4ms)[0m  [1m[34mSELECT  "categories".* FROM "categories" WHERE "categories"."name" = ? LIMIT ?[0m  [["name", "Full time"], ["LIMIT", 1]]
  Rendering jobs/index.html.haml within layouts/application
  [1m[36mJob Load (0.6ms)[0m  [1m[34mSELECT "jobs".* FROM "jobs" WHERE "jobs"."category_id" = ? ORDER BY created_at DESC[0m  [["category_id", 1]]
  Rendered jobs/index.html.haml within layouts/application (14.3ms)
  [1m[36mCategory Load (0.5ms)[0m  [1m[34mSELECT "categories".* FROM "categories"[0m
Completed 200 OK in 179ms (Views: 168.7ms | ActiveRecord: 1.5ms)


Started GET "/jobs?category=Part+time" for ::1 at 2018-10-30 03:59:52 -0700
Processing by JobsController#index as HTML
  Parameters: {"category"=>"Part time"}
  [1m[36mCategory Load (0.4ms)[0m  [1m[34mSELECT  "categories".* FROM "categories" WHERE "categories"."name" = ? LIMIT ?[0m  [["name", "Part time"], ["LIMIT", 1]]
  Rendering jobs/index.html.haml within layouts/application
  [1m[36mJob Load (1.7ms)[0m  [1m[34mSELECT "jobs".* FROM "jobs" WHERE "jobs"."category_id" = ? ORDER BY created_at DESC[0m  [["category_id", 2]]
  Rendered jobs/index.html.haml within layouts/application (21.5ms)
  [1m[36mCategory Load (0.6ms)[0m  [1m[34mSELECT "categories".* FROM "categories"[0m
Completed 200 OK in 290ms (Views: 270.0ms | ActiveRecord: 2.7ms)


Started GET "/jobs?category=freelance" for ::1 at 2018-10-30 03:59:53 -0700
Processing by JobsController#index as HTML
  Parameters: {"category"=>"freelance"}
  [1m[36mCategory Load (0.4ms)[0m  [1m[34mSELECT  "categories".* FROM "categories" WHERE "categories"."name" = ? LIMIT ?[0m  [["name", "freelance"], ["LIMIT", 1]]
  Rendering jobs/index.html.haml within layouts/application
  [1m[36mJob Load (0.8ms)[0m  [1m[34mSELECT "jobs".* FROM "jobs" WHERE "jobs"."category_id" = ? ORDER BY created_at DESC[0m  [["category_id", 3]]
  Rendered jobs/index.html.haml within layouts/application (23.4ms)
  [1m[36mCategory Load (0.6ms)[0m  [1m[34mSELECT "categories".* FROM "categories"[0m
Completed 200 OK in 328ms (Views: 312.0ms | ActiveRecord: 1.8ms)


Started GET "/jobs?category=Consulting" for ::1 at 2018-10-30 03:59:57 -0700
Processing by JobsController#index as HTML
  Parameters: {"category"=>"Consulting"}
  [1m[36mCategory Load (0.4ms)[0m  [1m[34mSELECT  "categories".* FROM "categories" WHERE "categories"."name" = ? LIMIT ?[0m  [["name", "Consulting"], ["LIMIT", 1]]
  Rendering jobs/index.html.haml within layouts/application
  [1m[36mJob Load (4.4ms)[0m  [1m[34mSELECT "jobs".* FROM "jobs" WHERE "jobs"."category_id" = ? ORDER BY created_at DESC[0m  [["category_id", 4]]
  Rendered jobs/index.html.haml within layouts/application (19.2ms)
  [1m[36mCategory Load (0.6ms)[0m  [1m[34mSELECT "categories".* FROM "categories"[0m
Completed 200 OK in 266ms (Views: 244.8ms | ActiveRecord: 5.4ms)


Started GET "/jobs/new" for ::1 at 2018-10-30 03:59:59 -0700
Processing by JobsController#new as HTML
  Rendering jobs/new.html.haml within layouts/application
  [1m[36mCategory Load (0.6ms)[0m  [1m[34mSELECT "categories".* FROM "categories"[0m
  Rendered jobs/_form.html.haml (61.4ms)
  Rendered jobs/new.html.haml within layouts/application (75.6ms)
  [1m[36mCACHE Category Load (0.1ms)[0m  [1m[34mSELECT "categories".* FROM "categories"[0m
Completed 200 OK in 252ms (Views: 247.0ms | ActiveRecord: 0.7ms)


Started POST "/jobs" for ::1 at 2018-10-30 04:00:17 -0700
Processing by JobsController#create as HTML
  Parameters: {"utf8"=>"✓", "authenticity_token"=>"uHS5t2YrLvIF/BmU74pfW0kg0WgRFb6VKYfJrCW6/UBGZTWOykBCbilM+3UciNntokfK2e5HByKauoUnRsNBVQ==", "job"=>{"category_id"=>"1", "title"=>"full", "description"=>"ybyv", "company"=>"vytv", "url"=>"vt"}, "commit"=>"Create Job"}
  [1m[35m (0.2ms)[0m  [1m[36mbegin transaction[0m
  [1m[36mJob Create (0.9ms)[0m  [1m[32mINSERT INTO "jobs" ("title", "description", "company", "url", "created_at", "updated_at", "category_id") VALUES (?, ?, ?, ?, ?, ?, ?)[0m  [["title", "full"], ["description", "ybyv"], ["company", "vytv"], ["url", "vt"], ["created_at", "2018-10-30 11:00:17.768663"], ["updated_at", "2018-10-30 11:00:17.768663"], ["category_id", 1]]
  [1m[35m (216.9ms)[0m  [1m[36mcommit transaction[0m
Redirected to http://localhost:3000/jobs/4
Completed 302 Found in 237ms (ActiveRecord: 217.9ms)


Started GET "/jobs/4" for ::1 at 2018-10-30 04:00:18 -0700
Processing by JobsController#show as HTML
  Parameters: {"id"=>"4"}
  [1m[36mJob Load (0.4ms)[0m  [1m[34mSELECT  "jobs".* FROM "jobs" WHERE "jobs"."id" = ? LIMIT ?[0m  [["id", 4], ["LIMIT", 1]]
  Rendering jobs/show.html.haml within layouts/application
  Rendered jobs/show.html.haml within layouts/application (12.5ms)
  [1m[36mCategory Load (0.8ms)[0m  [1m[34mSELECT "categories".* FROM "categories"[0m
Completed 200 OK in 212ms (Views: 203.5ms | ActiveRecord: 1.2ms)


Started GET "/jobs?category=Part+time" for ::1 at 2018-10-30 04:00:21 -0700
Processing by JobsController#index as HTML
  Parameters: {"category"=>"Part time"}
  [1m[36mCategory Load (0.4ms)[0m  [1m[34mSELECT  "categories".* FROM "categories" WHERE "categories"."name" = ? LIMIT ?[0m  [["name", "Part time"], ["LIMIT", 1]]
  Rendering jobs/index.html.haml within layouts/application
  [1m[36mJob Load (0.7ms)[0m  [1m[34mSELECT "jobs".* FROM "jobs" WHERE "jobs"."category_id" = ? ORDER BY created_at DESC[0m  [["category_id", 2]]
  Rendered jobs/index.html.haml within layouts/application (12.7ms)
  [1m[36mCategory Load (0.6ms)[0m  [1m[34mSELECT "categories".* FROM "categories"[0m
Completed 200 OK in 250ms (Views: 240.5ms | ActiveRecord: 1.7ms)


Started GET "/jobs?category=Full+time" for ::1 at 2018-10-30 04:00:22 -0700
Processing by JobsController#index as HTML
  Parameters: {"category"=>"Full time"}
  [1m[36mCategory Load (0.4ms)[0m  [1m[34mSELECT  "categories".* FROM "categories" WHERE "categories"."name" = ? LIMIT ?[0m  [["name", "Full time"], ["LIMIT", 1]]
  Rendering jobs/index.html.haml within layouts/application
  [1m[36mJob Load (0.6ms)[0m  [1m[34mSELECT "jobs".* FROM "jobs" WHERE "jobs"."category_id" = ? ORDER BY created_at DESC[0m  [["category_id", 1]]
  Rendered jobs/index.html.haml within layouts/application (15.8ms)
  [1m[36mCategory Load (0.5ms)[0m  [1m[34mSELECT "categories".* FROM "categories"[0m
Completed 200 OK in 216ms (Views: 204.4ms | ActiveRecord: 1.6ms)


Started GET "/" for ::1 at 2018-10-30 04:00:24 -0700
Processing by JobsController#index as HTML
  Rendering jobs/index.html.haml within layouts/application
  [1m[36mJob Load (0.6ms)[0m  [1m[34mSELECT "jobs".* FROM "jobs" ORDER BY created_at DESC[0m
  Rendered jobs/index.html.haml within layouts/application (16.1ms)
  [1m[36mCategory Load (0.6ms)[0m  [1m[34mSELECT "categories".* FROM "categories"[0m
Completed 200 OK in 253ms (Views: 246.4ms | ActiveRecord: 1.2ms)


Started GET "/jobs?category=Consulting" for ::1 at 2018-10-30 04:00:45 -0700
Processing by JobsController#index as HTML
  Parameters: {"category"=>"Consulting"}
  [1m[36mCategory Load (3.8ms)[0m  [1m[34mSELECT  "categories".* FROM "categories" WHERE "categories"."name" = ? LIMIT ?[0m  [["name", "Consulting"], ["LIMIT", 1]]
  Rendering jobs/index.html.haml within layouts/application
  [1m[36mJob Load (0.6ms)[0m  [1m[34mSELECT "jobs".* FROM "jobs" WHERE "jobs"."category_id" = ? ORDER BY created_at DESC[0m  [["category_id", 4]]
  Rendered jobs/index.html.haml within layouts/application (13.7ms)
  [1m[36mCategory Load (0.5ms)[0m  [1m[34mSELECT "categories".* FROM "categories"[0m
Completed 200 OK in 237ms (Views: 225.5ms | ActiveRecord: 4.9ms)


Started GET "/jobs?category=Consulting" for ::1 at 2018-10-30 04:00:48 -0700
Processing by JobsController#index as HTML
  Parameters: {"category"=>"Consulting"}
  [1m[36mCategory Load (0.4ms)[0m  [1m[34mSELECT  "categories".* FROM "categories" WHERE "categories"."name" = ? LIMIT ?[0m  [["name", "Consulting"], ["LIMIT", 1]]
  Rendering jobs/index.html.haml within layouts/application
  [1m[36mJob Load (0.6ms)[0m  [1m[34mSELECT "jobs".* FROM "jobs" WHERE "jobs"."category_id" = ? ORDER BY created_at DESC[0m  [["category_id", 4]]
  Rendered jobs/index.html.haml within layouts/application (11.0ms)
  [1m[36mCategory Load (1.5ms)[0m  [1m[34mSELECT "categories".* FROM "categories"[0m
Completed 200 OK in 212ms (Views: 203.6ms | ActiveRecord: 2.4ms)


Started GET "/jobs?category=freelance" for ::1 at 2018-10-30 04:00:50 -0700
Processing by JobsController#index as HTML
  Parameters: {"category"=>"freelance"}
  [1m[36mCategory Load (0.4ms)[0m  [1m[34mSELECT  "categories".* FROM "categories" WHERE "categories"."name" = ? LIMIT ?[0m  [["name", "freelance"], ["LIMIT", 1]]
  Rendering jobs/index.html.haml within layouts/application
  [1m[36mJob Load (0.8ms)[0m  [1m[34mSELECT "jobs".* FROM "jobs" WHERE "jobs"."category_id" = ? ORDER BY created_at DESC[0m  [["category_id", 3]]
  Rendered jobs/index.html.haml within layouts/application (14.7ms)
  [1m[36mCategory Load (0.6ms)[0m  [1m[34mSELECT "categories".* FROM "categories"[0m
Completed 200 OK in 222ms (Views: 209.6ms | ActiveRecord: 1.8ms)


Started GET "/jobs/3" for ::1 at 2018-10-30 04:00:52 -0700
Processing by JobsController#show as HTML
  Parameters: {"id"=>"3"}
  [1m[36mJob Load (3.0ms)[0m  [1m[34mSELECT  "jobs".* FROM "jobs" WHERE "jobs"."id" = ? LIMIT ?[0m  [["id", 3], ["LIMIT", 1]]
  Rendering jobs/show.html.haml within layouts/application
  Rendered jobs/show.html.haml within layouts/application (11.9ms)
  [1m[36mCategory Load (0.7ms)[0m  [1m[34mSELECT "categories".* FROM "categories"[0m
Completed 200 OK in 225ms (Views: 211.5ms | ActiveRecord: 3.8ms)


Started GET "/" for ::1 at 2018-10-30 04:00:55 -0700
Processing by JobsController#index as HTML
  Rendering jobs/index.html.haml within layouts/application
  [1m[36mJob Load (0.6ms)[0m  [1m[34mSELECT "jobs".* FROM "jobs" ORDER BY created_at DESC[0m
  Rendered jobs/index.html.haml within layouts/application (18.5ms)
  [1m[36mCategory Load (0.6ms)[0m  [1m[34mSELECT "categories".* FROM "categories"[0m
Completed 200 OK in 290ms (Views: 274.8ms | ActiveRecord: 1.2ms)


Started GET "/jobs?category=freelance" for ::1 at 2018-10-30 04:00:59 -0700
Processing by JobsController#index as HTML
  Parameters: {"category"=>"freelance"}
  [1m[36mCategory Load (0.4ms)[0m  [1m[34mSELECT  "categories".* FROM "categories" WHERE "categories"."name" = ? LIMIT ?[0m  [["name", "freelance"], ["LIMIT", 1]]
  Rendering jobs/index.html.haml within layouts/application
  [1m[36mJob Load (0.6ms)[0m  [1m[34mSELECT "jobs".* FROM "jobs" WHERE "jobs"."category_id" = ? ORDER BY created_at DESC[0m  [["category_id", 3]]
  Rendered jobs/index.html.haml within layouts/application (13.1ms)
  [1m[36mCategory Load (0.5ms)[0m  [1m[34mSELECT "categories".* FROM "categories"[0m
Completed 200 OK in 200ms (Views: 184.2ms | ActiveRecord: 1.6ms)


Started GET "/jobs/3" for ::1 at 2018-10-30 04:01:01 -0700
Processing by JobsController#show as HTML
  Parameters: {"id"=>"3"}
  [1m[36mJob Load (0.4ms)[0m  [1m[34mSELECT  "jobs".* FROM "jobs" WHERE "jobs"."id" = ? LIMIT ?[0m  [["id", 3], ["LIMIT", 1]]
  Rendering jobs/show.html.haml within layouts/application
  Rendered jobs/show.html.haml within layouts/application (16.0ms)
  [1m[36mCategory Load (0.6ms)[0m  [1m[34mSELECT "categories".* FROM "categories"[0m
Completed 200 OK in 213ms (Views: 202.2ms | ActiveRecord: 0.9ms)


Started GET "/jobs/tgtgtgtgt" for ::1 at 2018-10-30 04:01:05 -0700
Processing by JobsController#show as HTML
  Parameters: {"id"=>"tgtgtgtgt"}
  [1m[36mJob Load (0.3ms)[0m  [1m[34mSELECT  "jobs".* FROM "jobs" WHERE "jobs"."id" = ? LIMIT ?[0m  [["id", 0], ["LIMIT", 1]]
Completed 404 Not Found in 9ms (ActiveRecord: 0.3ms)


  
ActiveRecord::RecordNotFound (Couldn't find Job with 'id'=tgtgtgtgt):
  
app/controllers/jobs_controller.rb:53:in `find_job'
Started GET "/jobs/3" for ::1 at 2018-10-30 04:01:21 -0700
Processing by JobsController#show as HTML
  Parameters: {"id"=>"3"}
  [1m[36mJob Load (0.4ms)[0m  [1m[34mSELECT  "jobs".* FROM "jobs" WHERE "jobs"."id" = ? LIMIT ?[0m  [["id", 3], ["LIMIT", 1]]
  Rendering jobs/show.html.haml within layouts/application
  Rendered jobs/show.html.haml within layouts/application (14.1ms)
  [1m[36mCategory Load (0.8ms)[0m  [1m[34mSELECT "categories".* FROM "categories"[0m
Completed 200 OK in 322ms (Views: 306.3ms | ActiveRecord: 1.1ms)


Started GET "/jobs/3" for ::1 at 2018-10-30 04:01:22 -0700
Processing by JobsController#show as HTML
  Parameters: {"id"=>"3"}
  [1m[36mJob Load (0.4ms)[0m  [1m[34mSELECT  "jobs".* FROM "jobs" WHERE "jobs"."id" = ? LIMIT ?[0m  [["id", 3], ["LIMIT", 1]]
  Rendering jobs/show.html.haml within layouts/application
  Rendered jobs/show.html.haml within layouts/application (19.8ms)
  [1m[36mCategory Load (0.6ms)[0m  [1m[34mSELECT "categories".* FROM "categories"[0m
Completed 200 OK in 236ms (Views: 224.7ms | ActiveRecord: 0.9ms)


Started GET "/jobs/3" for ::1 at 2018-10-30 04:01:22 -0700
Processing by JobsController#show as HTML
  Parameters: {"id"=>"3"}
  [1m[36mJob Load (0.4ms)[0m  [1m[34mSELECT  "jobs".* FROM "jobs" WHERE "jobs"."id" = ? LIMIT ?[0m  [["id", 3], ["LIMIT", 1]]
  Rendering jobs/show.html.haml within layouts/application
  Rendered jobs/show.html.haml within layouts/application (24.7ms)
  [1m[36mCategory Load (3.7ms)[0m  [1m[34mSELECT "categories".* FROM "categories"[0m
Completed 200 OK in 340ms (Views: 324.7ms | ActiveRecord: 4.1ms)


Started GET "/jobs/3" for ::1 at 2018-10-30 04:01:22 -0700
Processing by JobsController#show as HTML
  Parameters: {"id"=>"3"}
  [1m[36mJob Load (0.6ms)[0m  [1m[34mSELECT  "jobs".* FROM "jobs" WHERE "jobs"."id" = ? LIMIT ?[0m  [["id", 3], ["LIMIT", 1]]
  Rendering jobs/show.html.haml within layouts/application
  Rendered jobs/show.html.haml within layouts/application (11.1ms)
  [1m[36mCategory Load (0.7ms)[0m  [1m[34mSELECT "categories".* FROM "categories"[0m
Completed 200 OK in 261ms (Views: 248.5ms | ActiveRecord: 1.3ms)


Started GET "/jobs/3" for ::1 at 2018-10-30 04:01:22 -0700
Processing by JobsController#show as HTML
  Parameters: {"id"=>"3"}
  [1m[36mJob Load (0.4ms)[0m  [1m[34mSELECT  "jobs".* FROM "jobs" WHERE "jobs"."id" = ? LIMIT ?[0m  [["id", 3], ["LIMIT", 1]]
  Rendering jobs/show.html.haml within layouts/application
  Rendered jobs/show.html.haml within layouts/application (11.3ms)
  [1m[36mCategory Load (0.6ms)[0m  [1m[34mSELECT "categories".* FROM "categories"[0m
Completed 200 OK in 216ms (Views: 206.9ms | ActiveRecord: 0.9ms)


Started GET "/jobs/3" for ::1 at 2018-10-30 04:01:23 -0700
Processing by JobsController#show as HTML
  Parameters: {"id"=>"3"}
  [1m[36mJob Load (0.4ms)[0m  [1m[34mSELECT  "jobs".* FROM "jobs" WHERE "jobs"."id" = ? LIMIT ?[0m  [["id", 3], ["LIMIT", 1]]
  Rendering jobs/show.html.haml within layouts/application
  Rendered jobs/show.html.haml within layouts/application (17.8ms)
  [1m[36mCategory Load (0.9ms)[0m  [1m[34mSELECT "categories".* FROM "categories"[0m
Completed 200 OK in 282ms (Views: 271.4ms | ActiveRecord: 1.2ms)


Started GET "/jobs/3" for ::1 at 2018-10-30 04:01:23 -0700
Processing by JobsController#show as HTML
  Parameters: {"id"=>"3"}
  [1m[36mJob Load (0.4ms)[0m  [1m[34mSELECT  "jobs".* FROM "jobs" WHERE "jobs"."id" = ? LIMIT ?[0m  [["id", 3], ["LIMIT", 1]]
  Rendering jobs/show.html.haml within layouts/application
  Rendered jobs/show.html.haml within layouts/application (11.1ms)
  [1m[36mCategory Load (0.6ms)[0m  [1m[34mSELECT "categories".* FROM "categories"[0m
Completed 200 OK in 197ms (Views: 189.2ms | ActiveRecord: 1.0ms)


Started GET "/jobs/3" for ::1 at 2018-10-30 04:01:23 -0700
Processing by JobsController#show as HTML
  Parameters: {"id"=>"3"}
  [1m[36mJob Load (2.1ms)[0m  [1m[34mSELECT  "jobs".* FROM "jobs" WHERE "jobs"."id" = ? LIMIT ?[0m  [["id", 3], ["LIMIT", 1]]
  Rendering jobs/show.html.haml within layouts/application
  Rendered jobs/show.html.haml within layouts/application (18.2ms)
  [1m[36mCategory Load (0.6ms)[0m  [1m[34mSELECT "categories".* FROM "categories"[0m
Completed 200 OK in 240ms (Views: 230.6ms | ActiveRecord: 2.7ms)


Started GET "/jobs/3" for ::1 at 2018-10-30 04:01:23 -0700
Processing by JobsController#show as HTML
  Parameters: {"id"=>"3"}
  [1m[36mJob Load (0.4ms)[0m  [1m[34mSELECT  "jobs".* FROM "jobs" WHERE "jobs"."id" = ? LIMIT ?[0m  [["id", 3], ["LIMIT", 1]]
  Rendering jobs/show.html.haml within layouts/application
  Rendered jobs/show.html.haml within layouts/application (10.8ms)
  [1m[36mCategory Load (0.8ms)[0m  [1m[34mSELECT "categories".* FROM "categories"[0m
Completed 200 OK in 210ms (Views: 201.4ms | ActiveRecord: 1.2ms)


Started GET "/jobs/3" for ::1 at 2018-10-30 04:01:24 -0700
Processing by JobsController#show as HTML
  Parameters: {"id"=>"3"}
  [1m[36mJob Load (0.4ms)[0m  [1m[34mSELECT  "jobs".* FROM "jobs" WHERE "jobs"."id" = ? LIMIT ?[0m  [["id", 3], ["LIMIT", 1]]
  Rendering jobs/show.html.haml within layouts/application
  Rendered jobs/show.html.haml within layouts/application (17.4ms)
  [1m[36mCategory Load (0.6ms)[0m  [1m[34mSELECT "categories".* FROM "categories"[0m
Completed 200 OK in 236ms (Views: 221.1ms | ActiveRecord: 0.9ms)


Started GET "/jobs/3" for ::1 at 2018-10-30 04:01:24 -0700
Processing by JobsController#show as HTML
  Parameters: {"id"=>"3"}
  [1m[36mJob Load (0.4ms)[0m  [1m[34mSELECT  "jobs".* FROM "jobs" WHERE "jobs"."id" = ? LIMIT ?[0m  [["id", 3], ["LIMIT", 1]]
  Rendering jobs/show.html.haml within layouts/application
  Rendered jobs/show.html.haml within layouts/application (12.4ms)
  [1m[36mCategory Load (0.7ms)[0m  [1m[34mSELECT "categories".* FROM "categories"[0m
Completed 200 OK in 227ms (Views: 215.2ms | ActiveRecord: 1.0ms)


Started GET "/jobs/3" for ::1 at 2018-10-30 04:01:24 -0700
Processing by JobsController#show as HTML
  Parameters: {"id"=>"3"}
  [1m[36mJob Load (0.7ms)[0m  [1m[34mSELECT  "jobs".* FROM "jobs" WHERE "jobs"."id" = ? LIMIT ?[0m  [["id", 3], ["LIMIT", 1]]
  Rendering jobs/show.html.haml within layouts/application
  Rendered jobs/show.html.haml within layouts/application (11.0ms)
  [1m[36mCategory Load (1.0ms)[0m  [1m[34mSELECT "categories".* FROM "categories"[0m
Completed 200 OK in 221ms (Views: 213.0ms | ActiveRecord: 1.7ms)


Started GET "/jobs/3" for ::1 at 2018-10-30 04:01:24 -0700
Processing by JobsController#show as HTML
  Parameters: {"id"=>"3"}
  [1m[36mJob Load (0.4ms)[0m  [1m[34mSELECT  "jobs".* FROM "jobs" WHERE "jobs"."id" = ? LIMIT ?[0m  [["id", 3], ["LIMIT", 1]]
  Rendering jobs/show.html.haml within layouts/application
  Rendered jobs/show.html.haml within layouts/application (11.6ms)
  [1m[36mCategory Load (0.8ms)[0m  [1m[34mSELECT "categories".* FROM "categories"[0m
Completed 200 OK in 189ms (Views: 177.6ms | ActiveRecord: 1.2ms)


Started DELETE "/jobs/3" for ::1 at 2018-10-30 04:01:45 -0700
Processing by JobsController#destroy as HTML
  Parameters: {"authenticity_token"=>"CJWU9gIPgVNX3CwvdaBhsNrkzCgk9oLcWQGNiVAKtGr2hBjPrmTtz3tszs6GoucGMYPXmdukO2vqPMECM3MIfw==", "id"=>"3"}
  [1m[36mJob Load (0.4ms)[0m  [1m[34mSELECT  "jobs".* FROM "jobs" WHERE "jobs"."id" = ? LIMIT ?[0m  [["id", 3], ["LIMIT", 1]]
  [1m[35m (0.2ms)[0m  [1m[36mbegin transaction[0m
  [1m[36mJob Destroy (6.8ms)[0m  [1m[31mDELETE FROM "jobs" WHERE "jobs"."id" = ?[0m  [["id", 3]]
  [1m[35m (99.0ms)[0m  [1m[36mcommit transaction[0m
Redirected to http://localhost:3000/
Completed 302 Found in 124ms (ActiveRecord: 106.4ms)


Started GET "/" for ::1 at 2018-10-30 04:01:45 -0700
Processing by JobsController#index as HTML
  Rendering jobs/index.html.haml within layouts/application
  [1m[36mJob Load (0.7ms)[0m  [1m[34mSELECT "jobs".* FROM "jobs" ORDER BY created_at DESC[0m
  Rendered jobs/index.html.haml within layouts/application (12.3ms)
  [1m[36mCategory Load (0.5ms)[0m  [1m[34mSELECT "categories".* FROM "categories"[0m
Completed 200 OK in 185ms (Views: 179.0ms | ActiveRecord: 1.2ms)


Started GET "/" for ::1 at 2018-10-30 04:01:47 -0700
Processing by JobsController#index as HTML
  Rendering jobs/index.html.haml within layouts/application
  [1m[36mJob Load (1.7ms)[0m  [1m[34mSELECT "jobs".* FROM "jobs" ORDER BY created_at DESC[0m
  Rendered jobs/index.html.haml within layouts/application (11.6ms)
  [1m[36mCategory Load (0.6ms)[0m  [1m[34mSELECT "categories".* FROM "categories"[0m
Completed 200 OK in 217ms (Views: 210.6ms | ActiveRecord: 2.3ms)


Started GET "/" for ::1 at 2018-10-30 04:03:03 -0700
Processing by JobsController#index as HTML
  Rendering jobs/index.html.haml within layouts/application
  [1m[36mJob Load (0.6ms)[0m  [1m[34mSELECT "jobs".* FROM "jobs" ORDER BY created_at DESC[0m
  Rendered jobs/index.html.haml within layouts/application (11.3ms)
  [1m[36mCategory Load (0.5ms)[0m  [1m[34mSELECT "categories".* FROM "categories"[0m
Completed 200 OK in 224ms (Views: 215.6ms | ActiveRecord: 1.2ms)


Started GET "/jobs/4" for ::1 at 2018-10-30 04:03:05 -0700
Processing by JobsController#show as HTML
  Parameters: {"id"=>"4"}
  [1m[36mJob Load (0.4ms)[0m  [1m[34mSELECT  "jobs".* FROM "jobs" WHERE "jobs"."id" = ? LIMIT ?[0m  [["id", 4], ["LIMIT", 1]]
  Rendering jobs/show.html.haml within layouts/application
  Rendered jobs/show.html.haml within layouts/application (15.2ms)
  [1m[36mCategory Load (0.8ms)[0m  [1m[34mSELECT "categories".* FROM "categories"[0m
Completed 200 OK in 236ms (Views: 228.6ms | ActiveRecord: 1.2ms)


Started DELETE "/" for ::1 at 2018-10-30 04:03:10 -0700
  
ActionController::RoutingError (No route matches [DELETE] "/"):
  
actionpack (5.2.1) lib/action_dispatch/middleware/debug_exceptions.rb:65:in `call'
web-console (3.7.0) lib/web_console/middleware.rb:135:in `call_app'
web-console (3.7.0) lib/web_console/middleware.rb:30:in `block in call'
web-console (3.7.0) lib/web_console/middleware.rb:20:in `catch'
web-console (3.7.0) lib/web_console/middleware.rb:20:in `call'
actionpack (5.2.1) lib/action_dispatch/middleware/show_exceptions.rb:33:in `call'
railties (5.2.1) lib/rails/rack/logger.rb:38:in `call_app'
railties (5.2.1) lib/rails/rack/logger.rb:26:in `block in call'
activesupport (5.2.1) lib/active_support/tagged_logging.rb:71:in `block in tagged'
activesupport (5.2.1) lib/active_support/tagged_logging.rb:28:in `tagged'
activesupport (5.2.1) lib/active_support/tagged_logging.rb:71:in `tagged'
railties (5.2.1) lib/rails/rack/logger.rb:26:in `call'
actionpack (5.2.1) lib/action_dispatch/middleware/remote_ip.rb:81:in `call'
actionpack (5.2.1) lib/action_dispatch/middleware/request_id.rb:27:in `call'
rack (2.0.5) lib/rack/method_override.rb:22:in `call'
rack (2.0.5) lib/rack/runtime.rb:22:in `call'
activesupport (5.2.1) lib/active_support/cache/strategy/local_cache_middleware.rb:29:in `call'
actionpack (5.2.1) lib/action_dispatch/middleware/executor.rb:14:in `call'
actionpack (5.2.1) lib/action_dispatch/middleware/static.rb:127:in `call'
rack (2.0.5) lib/rack/sendfile.rb:111:in `call'
railties (5.2.1) lib/rails/engine.rb:524:in `call'
puma (3.12.0) lib/puma/configuration.rb:225:in `call'
puma (3.12.0) lib/puma/server.rb:658:in `handle_request'
puma (3.12.0) lib/puma/server.rb:472:in `process_client'
puma (3.12.0) lib/puma/server.rb:332:in `block in run'
puma (3.12.0) lib/puma/thread_pool.rb:133:in `block in spawn_thread'
Started DELETE "/" for ::1 at 2018-10-30 04:03:25 -0700
  
ActionController::RoutingError (No route matches [DELETE] "/"):
  
actionpack (5.2.1) lib/action_dispatch/middleware/debug_exceptions.rb:65:in `call'
web-console (3.7.0) lib/web_console/middleware.rb:135:in `call_app'
web-console (3.7.0) lib/web_console/middleware.rb:30:in `block in call'
web-console (3.7.0) lib/web_console/middleware.rb:20:in `catch'
web-console (3.7.0) lib/web_console/middleware.rb:20:in `call'
actionpack (5.2.1) lib/action_dispatch/middleware/show_exceptions.rb:33:in `call'
railties (5.2.1) lib/rails/rack/logger.rb:38:in `call_app'
railties (5.2.1) lib/rails/rack/logger.rb:26:in `block in call'
activesupport (5.2.1) lib/active_support/tagged_logging.rb:71:in `block in tagged'
activesupport (5.2.1) lib/active_support/tagged_logging.rb:28:in `tagged'
activesupport (5.2.1) lib/active_support/tagged_logging.rb:71:in `tagged'
railties (5.2.1) lib/rails/rack/logger.rb:26:in `call'
actionpack (5.2.1) lib/action_dispatch/middleware/remote_ip.rb:81:in `call'
actionpack (5.2.1) lib/action_dispatch/middleware/request_id.rb:27:in `call'
rack (2.0.5) lib/rack/method_override.rb:22:in `call'
rack (2.0.5) lib/rack/runtime.rb:22:in `call'
activesupport (5.2.1) lib/active_support/cache/strategy/local_cache_middleware.rb:29:in `call'
actionpack (5.2.1) lib/action_dispatch/middleware/executor.rb:14:in `call'
actionpack (5.2.1) lib/action_dispatch/middleware/static.rb:127:in `call'
rack (2.0.5) lib/rack/sendfile.rb:111:in `call'
railties (5.2.1) lib/rails/engine.rb:524:in `call'
puma (3.12.0) lib/puma/configuration.rb:225:in `call'
puma (3.12.0) lib/puma/server.rb:658:in `handle_request'
puma (3.12.0) lib/puma/server.rb:472:in `process_client'
puma (3.12.0) lib/puma/server.rb:332:in `block in run'
puma (3.12.0) lib/puma/thread_pool.rb:133:in `block in spawn_thread'
Started DELETE "/" for ::1 at 2018-10-30 04:04:00 -0700
  
ActionController::RoutingError (No route matches [DELETE] "/"):
  
actionpack (5.2.1) lib/action_dispatch/middleware/debug_exceptions.rb:65:in `call'
web-console (3.7.0) lib/web_console/middleware.rb:135:in `call_app'
web-console (3.7.0) lib/web_console/middleware.rb:30:in `block in call'
web-console (3.7.0) lib/web_console/middleware.rb:20:in `catch'
web-console (3.7.0) lib/web_console/middleware.rb:20:in `call'
actionpack (5.2.1) lib/action_dispatch/middleware/show_exceptions.rb:33:in `call'
railties (5.2.1) lib/rails/rack/logger.rb:38:in `call_app'
railties (5.2.1) lib/rails/rack/logger.rb:26:in `block in call'
activesupport (5.2.1) lib/active_support/tagged_logging.rb:71:in `block in tagged'
activesupport (5.2.1) lib/active_support/tagged_logging.rb:28:in `tagged'
activesupport (5.2.1) lib/active_support/tagged_logging.rb:71:in `tagged'
railties (5.2.1) lib/rails/rack/logger.rb:26:in `call'
actionpack (5.2.1) lib/action_dispatch/middleware/remote_ip.rb:81:in `call'
actionpack (5.2.1) lib/action_dispatch/middleware/request_id.rb:27:in `call'
rack (2.0.5) lib/rack/method_override.rb:22:in `call'
rack (2.0.5) lib/rack/runtime.rb:22:in `call'
activesupport (5.2.1) lib/active_support/cache/strategy/local_cache_middleware.rb:29:in `call'
actionpack (5.2.1) lib/action_dispatch/middleware/executor.rb:14:in `call'
actionpack (5.2.1) lib/action_dispatch/middleware/static.rb:127:in `call'
rack (2.0.5) lib/rack/sendfile.rb:111:in `call'
railties (5.2.1) lib/rails/engine.rb:524:in `call'
puma (3.12.0) lib/puma/configuration.rb:225:in `call'
puma (3.12.0) lib/puma/server.rb:658:in `handle_request'
puma (3.12.0) lib/puma/server.rb:472:in `process_client'
puma (3.12.0) lib/puma/server.rb:332:in `block in run'
puma (3.12.0) lib/puma/thread_pool.rb:133:in `block in spawn_thread'
Started GET "/jobs/4" for ::1 at 2018-10-30 04:04:07 -0700
Processing by JobsController#show as HTML
  Parameters: {"id"=>"4"}
  [1m[36mJob Load (0.5ms)[0m  [1m[34mSELECT  "jobs".* FROM "jobs" WHERE "jobs"."id" = ? LIMIT ?[0m  [["id", 4], ["LIMIT", 1]]
  Rendering jobs/show.html.haml within layouts/application
  Rendered jobs/show.html.haml within layouts/application (12.1ms)
  [1m[36mCategory Load (0.8ms)[0m  [1m[34mSELECT "categories".* FROM "categories"[0m
Completed 200 OK in 196ms (Views: 188.4ms | ActiveRecord: 1.2ms)


Started POST "/jobs/4" for ::1 at 2018-10-30 04:04:12 -0700
  
ActionController::RoutingError (No route matches [POST] "/jobs/4"):
  
actionpack (5.2.1) lib/action_dispatch/middleware/debug_exceptions.rb:65:in `call'
web-console (3.7.0) lib/web_console/middleware.rb:135:in `call_app'
web-console (3.7.0) lib/web_console/middleware.rb:30:in `block in call'
web-console (3.7.0) lib/web_console/middleware.rb:20:in `catch'
web-console (3.7.0) lib/web_console/middleware.rb:20:in `call'
actionpack (5.2.1) lib/action_dispatch/middleware/show_exceptions.rb:33:in `call'
railties (5.2.1) lib/rails/rack/logger.rb:38:in `call_app'
railties (5.2.1) lib/rails/rack/logger.rb:26:in `block in call'
activesupport (5.2.1) lib/active_support/tagged_logging.rb:71:in `block in tagged'
activesupport (5.2.1) lib/active_support/tagged_logging.rb:28:in `tagged'
activesupport (5.2.1) lib/active_support/tagged_logging.rb:71:in `tagged'
railties (5.2.1) lib/rails/rack/logger.rb:26:in `call'
actionpack (5.2.1) lib/action_dispatch/middleware/remote_ip.rb:81:in `call'
actionpack (5.2.1) lib/action_dispatch/middleware/request_id.rb:27:in `call'
rack (2.0.5) lib/rack/method_override.rb:22:in `call'
rack (2.0.5) lib/rack/runtime.rb:22:in `call'
activesupport (5.2.1) lib/active_support/cache/strategy/local_cache_middleware.rb:29:in `call'
actionpack (5.2.1) lib/action_dispatch/middleware/executor.rb:14:in `call'
actionpack (5.2.1) lib/action_dispatch/middleware/static.rb:127:in `call'
rack (2.0.5) lib/rack/sendfile.rb:111:in `call'
railties (5.2.1) lib/rails/engine.rb:524:in `call'
puma (3.12.0) lib/puma/configuration.rb:225:in `call'
puma (3.12.0) lib/puma/server.rb:658:in `handle_request'
puma (3.12.0) lib/puma/server.rb:472:in `process_client'
puma (3.12.0) lib/puma/server.rb:332:in `block in run'
puma (3.12.0) lib/puma/thread_pool.rb:133:in `block in spawn_thread'
Started GET "/jobs/4" for ::1 at 2018-10-30 04:04:19 -0700
Processing by JobsController#show as HTML
  Parameters: {"id"=>"4"}
  [1m[36mJob Load (0.4ms)[0m  [1m[34mSELECT  "jobs".* FROM "jobs" WHERE "jobs"."id" = ? LIMIT ?[0m  [["id", 4], ["LIMIT", 1]]
  Rendering jobs/show.html.haml within layouts/application
  Rendered jobs/show.html.haml within layouts/application (15.8ms)
  [1m[36mCategory Load (0.7ms)[0m  [1m[34mSELECT "categories".* FROM "categories"[0m
Completed 200 OK in 237ms (Views: 227.9ms | ActiveRecord: 1.1ms)


Started GET "/jobs/new" for ::1 at 2018-10-30 04:04:27 -0700
Processing by JobsController#new as HTML
  Rendering jobs/new.html.haml within layouts/application
  [1m[36mCategory Load (0.6ms)[0m  [1m[34mSELECT "categories".* FROM "categories"[0m
  Rendered jobs/_form.html.haml (44.6ms)
  Rendered jobs/new.html.haml within layouts/application (57.4ms)
  [1m[36mCACHE Category Load (0.1ms)[0m  [1m[34mSELECT "categories".* FROM "categories"[0m
Completed 200 OK in 264ms (Views: 258.1ms | ActiveRecord: 0.6ms)


Started POST "/jobs" for ::1 at 2018-10-30 04:04:35 -0700
Processing by JobsController#create as HTML
  Parameters: {"utf8"=>"✓", "authenticity_token"=>"kob0IoPkwt3IfhKP89kB5EXlgyZV4AmtXYXkDJQ1vqJsl3gbL4+uQeTO8G4A24dSroKYl6qysBruuKiH90wCtw==", "job"=>{"category_id"=>"2", "title"=>"s", "description"=>"s", "company"=>"s", "url"=>"s"}, "commit"=>"Create Job"}
  [1m[35m (0.2ms)[0m  [1m[36mbegin transaction[0m
  [1m[36mJob Create (8.0ms)[0m  [1m[32mINSERT INTO "jobs" ("title", "description", "company", "url", "created_at", "updated_at", "category_id") VALUES (?, ?, ?, ?, ?, ?, ?)[0m  [["title", "s"], ["description", "s"], ["company", "s"], ["url", "s"], ["created_at", "2018-10-30 11:04:35.186170"], ["updated_at", "2018-10-30 11:04:35.186170"], ["category_id", 2]]
  [1m[35m (164.3ms)[0m  [1m[36mcommit transaction[0m
Redirected to http://localhost:3000/jobs/5
Completed 302 Found in 191ms (ActiveRecord: 172.5ms)


Started GET "/jobs/5" for ::1 at 2018-10-30 04:04:35 -0700
Processing by JobsController#show as HTML
  Parameters: {"id"=>"5"}
  [1m[36mJob Load (0.4ms)[0m  [1m[34mSELECT  "jobs".* FROM "jobs" WHERE "jobs"."id" = ? LIMIT ?[0m  [["id", 5], ["LIMIT", 1]]
  Rendering jobs/show.html.haml within layouts/application
  Rendered jobs/show.html.haml within layouts/application (13.0ms)
  [1m[36mCategory Load (0.6ms)[0m  [1m[34mSELECT "categories".* FROM "categories"[0m
Completed 200 OK in 219ms (Views: 210.6ms | ActiveRecord: 1.0ms)


Started POST "/jobs/5" for ::1 at 2018-10-30 04:04:39 -0700
  
ActionController::RoutingError (No route matches [POST] "/jobs/5"):
  
actionpack (5.2.1) lib/action_dispatch/middleware/debug_exceptions.rb:65:in `call'
web-console (3.7.0) lib/web_console/middleware.rb:135:in `call_app'
web-console (3.7.0) lib/web_console/middleware.rb:30:in `block in call'
web-console (3.7.0) lib/web_console/middleware.rb:20:in `catch'
web-console (3.7.0) lib/web_console/middleware.rb:20:in `call'
actionpack (5.2.1) lib/action_dispatch/middleware/show_exceptions.rb:33:in `call'
railties (5.2.1) lib/rails/rack/logger.rb:38:in `call_app'
railties (5.2.1) lib/rails/rack/logger.rb:26:in `block in call'
activesupport (5.2.1) lib/active_support/tagged_logging.rb:71:in `block in tagged'
activesupport (5.2.1) lib/active_support/tagged_logging.rb:28:in `tagged'
activesupport (5.2.1) lib/active_support/tagged_logging.rb:71:in `tagged'
railties (5.2.1) lib/rails/rack/logger.rb:26:in `call'
actionpack (5.2.1) lib/action_dispatch/middleware/remote_ip.rb:81:in `call'
actionpack (5.2.1) lib/action_dispatch/middleware/request_id.rb:27:in `call'
rack (2.0.5) lib/rack/method_override.rb:22:in `call'
rack (2.0.5) lib/rack/runtime.rb:22:in `call'
activesupport (5.2.1) lib/active_support/cache/strategy/local_cache_middleware.rb:29:in `call'
actionpack (5.2.1) lib/action_dispatch/middleware/executor.rb:14:in `call'
actionpack (5.2.1) lib/action_dispatch/middleware/static.rb:127:in `call'
rack (2.0.5) lib/rack/sendfile.rb:111:in `call'
railties (5.2.1) lib/rails/engine.rb:524:in `call'
puma (3.12.0) lib/puma/configuration.rb:225:in `call'
puma (3.12.0) lib/puma/server.rb:658:in `handle_request'
puma (3.12.0) lib/puma/server.rb:472:in `process_client'
puma (3.12.0) lib/puma/server.rb:332:in `block in run'
puma (3.12.0) lib/puma/thread_pool.rb:133:in `block in spawn_thread'
Started GET "/jobs/5" for ::1 at 2018-10-30 04:05:26 -0700
Processing by JobsController#show as HTML
  Parameters: {"id"=>"5"}
  [1m[36mJob Load (0.4ms)[0m  [1m[34mSELECT  "jobs".* FROM "jobs" WHERE "jobs"."id" = ? LIMIT ?[0m  [["id", 5], ["LIMIT", 1]]
  Rendering jobs/show.html.haml within layouts/application
  Rendered jobs/show.html.haml within layouts/application (10.5ms)
Completed 500 Internal Server Error in 40ms (ActiveRecord: 0.4ms)


  
SyntaxError (/home/rafa/Jobs/app/views/jobs/show.html.haml:11: syntax error, unexpected tLABEL, expecting ')'
...Delete", job_path(@job) method: :delete, data: { confirm: "A...
...                        ^~~~~~~
/home/rafa/Jobs/app/views/jobs/show.html.haml:11: syntax error, unexpected ',', expecting ')'
...: { confirm: "Are you sure?" }, class: "btn btn-sm btn-defau...
...                              ^):
  
app/views/jobs/show.html.haml:11: syntax error, unexpected tLABEL, expecting ')'
app/views/jobs/show.html.haml:11: syntax error, unexpected ',', expecting ')'
Started GET "/jobs/5" for ::1 at 2018-10-30 04:05:43 -0700
Processing by JobsController#show as HTML
  Parameters: {"id"=>"5"}
  [1m[36mJob Load (0.4ms)[0m  [1m[34mSELECT  "jobs".* FROM "jobs" WHERE "jobs"."id" = ? LIMIT ?[0m  [["id", 5], ["LIMIT", 1]]
  Rendering jobs/show.html.haml within layouts/application
  Rendered jobs/show.html.haml within layouts/application (17.4ms)
  [1m[36mCategory Load (0.6ms)[0m  [1m[34mSELECT "categories".* FROM "categories"[0m
Completed 200 OK in 241ms (Views: 234.7ms | ActiveRecord: 1.0ms)


Started GET "/jobs?category=Full+time" for ::1 at 2018-10-30 04:05:46 -0700
Processing by JobsController#index as HTML
  Parameters: {"category"=>"Full time"}
  [1m[36mCategory Load (0.4ms)[0m  [1m[34mSELECT  "categories".* FROM "categories" WHERE "categories"."name" = ? LIMIT ?[0m  [["name", "Full time"], ["LIMIT", 1]]
  Rendering jobs/index.html.haml within layouts/application
  [1m[36mJob Load (2.5ms)[0m  [1m[34mSELECT "jobs".* FROM "jobs" WHERE "jobs"."category_id" = ? ORDER BY created_at DESC[0m  [["category_id", 1]]
  Rendered jobs/index.html.haml within layouts/application (14.9ms)
  [1m[36mCategory Load (0.5ms)[0m  [1m[34mSELECT "categories".* FROM "categories"[0m
Completed 200 OK in 233ms (Views: 223.6ms | ActiveRecord: 3.4ms)


Started GET "/jobs?category=Part+time" for ::1 at 2018-10-30 04:05:48 -0700
Processing by JobsController#index as HTML
  Parameters: {"category"=>"Part time"}
  [1m[36mCategory Load (0.4ms)[0m  [1m[34mSELECT  "categories".* FROM "categories" WHERE "categories"."name" = ? LIMIT ?[0m  [["name", "Part time"], ["LIMIT", 1]]
  Rendering jobs/index.html.haml within layouts/application
  [1m[36mJob Load (0.8ms)[0m  [1m[34mSELECT "jobs".* FROM "jobs" WHERE "jobs"."category_id" = ? ORDER BY created_at DESC[0m  [["category_id", 2]]
  Rendered jobs/index.html.haml within layouts/application (11.0ms)
  [1m[36mCategory Load (0.6ms)[0m  [1m[34mSELECT "categories".* FROM "categories"[0m
Completed 200 OK in 204ms (Views: 193.9ms | ActiveRecord: 1.7ms)


Started GET "/jobs?category=freelance" for ::1 at 2018-10-30 04:05:51 -0700
Processing by JobsController#index as HTML
  Parameters: {"category"=>"freelance"}
  [1m[36mCategory Load (0.4ms)[0m  [1m[34mSELECT  "categories".* FROM "categories" WHERE "categories"."name" = ? LIMIT ?[0m  [["name", "freelance"], ["LIMIT", 1]]
  Rendering jobs/index.html.haml within layouts/application
  [1m[36mJob Load (0.6ms)[0m  [1m[34mSELECT "jobs".* FROM "jobs" WHERE "jobs"."category_id" = ? ORDER BY created_at DESC[0m  [["category_id", 3]]
  Rendered jobs/index.html.haml within layouts/application (13.0ms)
  [1m[36mCategory Load (0.5ms)[0m  [1m[34mSELECT "categories".* FROM "categories"[0m
Completed 200 OK in 242ms (Views: 225.7ms | ActiveRecord: 1.5ms)


Started GET "/jobs?category=Consulting" for ::1 at 2018-10-30 04:05:52 -0700
Processing by JobsController#index as HTML
  Parameters: {"category"=>"Consulting"}
  [1m[36mCategory Load (0.4ms)[0m  [1m[34mSELECT  "categories".* FROM "categories" WHERE "categories"."name" = ? LIMIT ?[0m  [["name", "Consulting"], ["LIMIT", 1]]
  Rendering jobs/index.html.haml within layouts/application
  [1m[36mJob Load (0.7ms)[0m  [1m[34mSELECT "jobs".* FROM "jobs" WHERE "jobs"."category_id" = ? ORDER BY created_at DESC[0m  [["category_id", 4]]
  Rendered jobs/index.html.haml within layouts/application (23.5ms)
  [1m[36mCategory Load (0.5ms)[0m  [1m[34mSELECT "categories".* FROM "categories"[0m
Completed 200 OK in 292ms (Views: 274.5ms | ActiveRecord: 1.6ms)


Started GET "/" for ::1 at 2018-10-30 04:05:55 -0700
Processing by JobsController#index as HTML
  Rendering jobs/index.html.haml within layouts/application
  [1m[36mJob Load (0.7ms)[0m  [1m[34mSELECT "jobs".* FROM "jobs" ORDER BY created_at DESC[0m
  Rendered jobs/index.html.haml within layouts/application (21.2ms)
  [1m[36mCategory Load (0.6ms)[0m  [1m[34mSELECT "categories".* FROM "categories"[0m
Completed 200 OK in 254ms (Views: 244.4ms | ActiveRecord: 1.2ms)


Started GET "/jobs/new" for ::1 at 2018-10-30 04:06:03 -0700
Processing by JobsController#new as HTML
  Rendering jobs/new.html.haml within layouts/application
  [1m[36mCategory Load (0.6ms)[0m  [1m[34mSELECT "categories".* FROM "categories"[0m
  Rendered jobs/_form.html.haml (44.7ms)
  Rendered jobs/new.html.haml within layouts/application (59.6ms)
  [1m[36mCACHE Category Load (0.1ms)[0m  [1m[34mSELECT "categories".* FROM "categories"[0m
Completed 200 OK in 315ms (Views: 309.5ms | ActiveRecord: 0.7ms)


Started GET "/jobs?category=Full+time" for ::1 at 2018-10-30 04:07:41 -0700
Processing by JobsController#index as HTML
  Parameters: {"category"=>"Full time"}
  [1m[36mCategory Load (0.4ms)[0m  [1m[34mSELECT  "categories".* FROM "categories" WHERE "categories"."name" = ? LIMIT ?[0m  [["name", "Full time"], ["LIMIT", 1]]
  Rendering jobs/index.html.haml within layouts/application
  [1m[36mJob Load (0.7ms)[0m  [1m[34mSELECT "jobs".* FROM "jobs" WHERE "jobs"."category_id" = ? ORDER BY created_at DESC[0m  [["category_id", 1]]
  Rendered jobs/index.html.haml within layouts/application (18.1ms)
  [1m[36mCategory Load (0.5ms)[0m  [1m[34mSELECT "categories".* FROM "categories"[0m
Completed 200 OK in 257ms (Views: 243.9ms | ActiveRecord: 1.6ms)


